[ag] update w
[ag] doing 2,1
[ag] update w
[ag] doing 3,1
[ag] update w
[ag] doing 4,1
[ag] update w
[ag] doing 5,1
[ag] update w
[ag] doing 6,1
[ag] update w
[ag] doing 7,1
[ag] update w
[ag] doing 8,1
[ag] update w
[ag] doing 9,1
[ag] update w
[ag] doing 10,1
[ag] bump
[ag] update w
[ag] doing 9,0
[ag] bump
[ag] update w
[ag] not safe girando
[ag] doing 9,2
[ag] update w
[ag] doing 9,3
[ag] update w
[ag] doing 9,4
[ag] update w
[ag] doing 9,5
[ag] update w
[ag] doing 9,6
[ag] update w
[ag] doing 9,7
[ag] update w
[ag] doing 9,8
[ag] bump
[ag] update w
[ag] doing 10,7
[ag] bump
[ag] update w
[ag] not safe girando
[ag] doing 8,7
[ag] update w
[ag] doing 7,7
[ag] update w
[ag] doing 6,7
[ag] update w
[ag] not safe girando
[ag] not safe girando
[ag] doing 7,7
[ag] update w
[ag] doing 7,6
[ag] update w
[ag] not safe girando
[ag] doing 8,6
[ag] update w
[ag] doing 8,5
[ag] update w
[ag] doing 8,4
[ag] update w
[ag] doing 8,3
[ag] update w
[ag] doing 8,2
[ag] update w
[ag] doing 7,2
[ag] update w
[ag] doing 6,2
[ag] update w
[ag] doing 5,2
[ag] update w
[ag] doing 4,2
[ag] update w
[ag] doing 3,2
[ag] update w
[ag] doing 2,2
[ag] update w
[ag] doing 1,2
[ag] update w
[ag] doing 0,2
[ag] bump
[ag] update w
[ag] doing 1,3
[ag] update w
[ag] doing 1,4
[ag] update w
[ag] doing 1,5
[ag] update w
[ag] doing 1,6
[ag] update w
[ag] doing 1,7
[ag] update w
[ag] doing 1,8
[ag] bump
[ag] update w
[ag] doing 2,7
[ag] update w
[ag] doing 3,7
[ag] update w
[ag] doing 4,7
[ag] update w
[ag] doing 5,7
[ag] update w
[ag] doing 5,6
[ag] update w
[ag] atirei-----------------------------------
[ag] aew morreu fdp
[ag] doing 6,6
[ag] I am leaving the cave!!!
[ag] doing 6,7
[ag] doing 5,7
[ag] doing 4,7
[ag] doing 3,7
[ag] doing 2,7
[ag] doing 1,7
[ag] doing 1,6
[ag] doing 1,5
[ag] doing 1,4
[ag] doing 1,3
[ag] doing 1,2
[ag] doing 1,1
[ag] doing 1,0
[ag] bump
[ag] not safe girando
[ag] doing 2,1
[ag] doing 2,2
[ag] doing 1,2
[ag] doing 1,1
[ag] not safe girando
[ag] doing 2,1
[ag] doing 2,2
[ag] doing 1,2
[ag] doing 1,1
